<?xml version="1.0" encoding="UTF-8"?>
<!-- Generated by org.testng.reporters.JUnitReportReporter -->
<testsuite hostname="DESKTOP-K0ONJ7J" failures="0" tests="1" name="com.demoqa.TestBase.BaseClass" time="7.567" errors="0" timestamp="2025-03-10T15:16:09 IST" skipped="0">
  <testcase classname="com.demoqa.TestBase.BaseClass" name="test" time="7.567"/>
</testsuite> <!-- com.demoqa.TestBase.BaseClass -->
