<?xml version="1.0" encoding="UTF-8"?>
<!-- Generated by org.testng.reporters.JUnitReportReporter -->
<testsuite hostname="DESKTOP-K0ONJ7J" failures="0" tests="3" name="com.demoqa.TestCases.UserLogin" time="41.956" errors="0" timestamp="2025-03-11T12:42:26 IST" skipped="0">
  <testcase classname="com.demoqa.TestCases.UserLogin" name="validate_form_with_validData" time="16.325"/>
  <system-out/>
  <testcase classname="com.demoqa.TestCases.UserLogin" name="validate_form_with_validData" time="13.069"/>
  <system-out/>
  <testcase classname="com.demoqa.TestCases.UserLogin" name="validate_form_with_validData" time="12.562"/>
  <system-out/>
</testsuite> <!-- com.demoqa.TestCases.UserLogin -->
