<?xml version="1.0" encoding="UTF-8"?>
<!-- Generated by org.testng.reporters.JUnitReportReporter -->
<testsuite hostname="DESKTOP-K0ONJ7J" failures="0" tests="1" name="com.demoqa.TestCases.DatePickerTest" time="27.281" errors="0" timestamp="2025-03-11T19:28:26 IST" skipped="0">
  <testcase classname="com.demoqa.TestCases.DatePickerTest" name="Validate_userIs_Able_ToPick_Date" time="27.281"/>
  <system-out/>
</testsuite> <!-- com.demoqa.TestCases.DatePickerTest -->
