<?xml version="1.0" encoding="UTF-8"?>
<!-- Generated by org.testng.reporters.JUnitReportReporter -->
<testsuite hostname="DESKTOP-K0ONJ7J" failures="0" tests="1" name="com.demoqa.TestCases.DropDownTestCase" time="13.247" errors="0" timestamp="2025-03-11T13:44:43 IST" skipped="0">
  <testcase classname="com.demoqa.TestCases.DropDownTestCase" name="Validate_User_able_to_Select_All_Option" time="13.247"/>
  <system-out/>
</testsuite> <!-- com.demoqa.TestCases.DropDownTestCase -->
